[2025-09-07 23:28:02,727] 37 root - INFO - Start data Ingestion
[2025-09-07 23:28:18,381] 67 root - INFO - Performed train test split on the dataframe
[2025-09-07 23:28:18,381] 69 root - INFO - Exited split_data_as_train_test method of Data_Ingestion class
[2025-09-07 23:28:18,383] 77 root - INFO - Exporting train and test file path.
[2025-09-07 23:28:18,688] 86 root - INFO - Exported train and test file path.
[2025-09-07 23:28:18,690] 40 root - INFO - Data Ingestion completed and artifact: DataIngestionArtifact(trained_file_path='Artifact\\09_07_2025_23_26_01\\data_ingestion\\ingested\\train.csv', test_file_path='Artifact\\09_07_2025_23_26_01\\data_ingestion\\ingested\\test.csv')
[2025-09-07 23:28:18,730] 50 root - INFO - Initiate the data Validation
[2025-09-07 23:28:18,900] 32 root - INFO - Required number of columns:2
[2025-09-07 23:28:18,900] 33 root - INFO - Data frame has columns:31
[2025-09-07 23:28:18,901] 32 root - INFO - Required number of columns:2
[2025-09-07 23:28:18,901] 33 root - INFO - Data frame has columns:31
[2025-09-07 23:28:19,498] 63 root - INFO - Entered initiate_data_transformation method of DataTransformation class
[2025-09-07 23:28:19,499] 65 root - INFO - Starting data transformation
[2025-09-07 23:28:19,569] 48 root - INFO - Entered get_data_trnasformer_object method of Trnasformation class
[2025-09-07 23:28:19,569] 53 root - INFO - Initialise KNNImputer with {'missing_values': nan, 'n_neighbors': 3, 'weights': 'uniform'}
[2025-09-07 23:28:19,613] 46 root - INFO - Entered the save_object method of MainUtils class
[2025-09-07 23:28:19,622] 50 root - INFO - Exited the save_object method of MainUtils class
[2025-09-07 23:28:19,623] 46 root - INFO - Entered the save_object method of MainUtils class
[2025-09-07 23:28:19,634] 50 root - INFO - Exited the save_object method of MainUtils class
[2025-09-07 23:39:57,040] 46 root - INFO - Entered the save_object method of MainUtils class
[2025-09-07 23:39:57,043] 50 root - INFO - Exited the save_object method of MainUtils class
[2025-09-07 23:39:57,043] 46 root - INFO - Entered the save_object method of MainUtils class
[2025-09-07 23:39:57,074] 50 root - INFO - Exited the save_object method of MainUtils class
[2025-09-07 23:39:57,075] 126 root - INFO - Model trainer artifact: ModelTrainerArtifact(trained_model_file_path='Artifact\\09_07_2025_23_26_01\\model_trainer\\trained_model\\model.pkl', train_metric_artifact=ClassificationMetricArtifact(f1_score=0.9907000510986204, precision_score=0.9897896671431489, recall_score=0.9916121112929623), test_metric_artifact=ClassificationMetricArtifact(f1_score=0.9741581832419733, precision_score=0.9680933852140078, recall_score=0.9802994483845547))
